[0.141s] DEBUG:colcon:Command line arguments: ['/usr/bin/colcon', 'build']
[0.141s] DEBUG:colcon:Parsed command line arguments: Namespace(log_base=None, log_level=None, verb_name='build', build_base='build', install_base='install', merge_install=False, symlink_install=False, test_result_base=None, continue_on_error=False, executor='parallel', parallel_workers=8, event_handlers=None, ignore_user_meta=False, metas=['./colcon.meta'], base_paths=['.'], packages_ignore=None, packages_ignore_regex=None, paths=None, packages_up_to=None, packages_up_to_regex=None, packages_above=None, packages_above_and_dependencies=None, packages_above_depth=None, packages_select_by_dep=None, packages_skip_by_dep=None, packages_skip_up_to=None, packages_select_build_failed=False, packages_skip_build_finished=False, packages_select_test_failures=False, packages_skip_test_passed=False, packages_select=None, packages_skip=None, packages_select_regex=None, packages_skip_regex=None, packages_start=None, packages_end=None, allow_overriding=[], cmake_args=None, cmake_target=None, cmake_target_skip_unavailable=False, cmake_clean_cache=False, cmake_clean_first=False, cmake_force_configure=False, ament_cmake_args=None, catkin_cmake_args=None, catkin_skip_building_tests=False, mixin_files=None, mixin=None, verb_parser=<colcon_mixin.mixin.mixin_argument.MixinArgumentDecorator object at 0x7f4b6c5f6c50>, verb_extension=<colcon_core.verb.build.BuildVerb object at 0x7f4b6c5f6440>, main=<bound method BuildVerb.main of <colcon_core.verb.build.BuildVerb object at 0x7f4b6c5f6440>>, mixin_verb=('build',))
[0.392s] Level 1:colcon.colcon_core.package_discovery:discover_packages(colcon_meta) check parameters
[0.393s] Level 1:colcon.colcon_core.package_discovery:discover_packages(recursive) check parameters
[0.393s] Level 1:colcon.colcon_core.package_discovery:discover_packages(ignore) check parameters
[0.394s] Level 1:colcon.colcon_core.package_discovery:discover_packages(path) check parameters
[0.394s] Level 1:colcon.colcon_core.package_discovery:discover_packages(colcon_meta) discover
[0.395s] Level 1:colcon.colcon_core.package_discovery:discover_packages(recursive) discover
[0.395s] INFO:colcon.colcon_core.package_discovery:Crawling recursively for packages in '/home/kulka136/av/ros_ws/src/av_project_19'
[0.396s] Level 1:colcon.colcon_core.package_identification:_identify(.) by extensions ['ignore', 'ignore_ament_install']
[0.396s] Level 1:colcon.colcon_core.package_identification:_identify(.) by extension 'ignore'
[0.397s] Level 1:colcon.colcon_core.package_identification:_identify(.) by extension 'ignore_ament_install'
[0.398s] Level 1:colcon.colcon_core.package_identification:_identify(.) by extensions ['colcon_pkg']
[0.398s] Level 1:colcon.colcon_core.package_identification:_identify(.) by extension 'colcon_pkg'
[0.398s] Level 1:colcon.colcon_core.package_identification:_identify(.) by extensions ['colcon_meta']
[0.399s] Level 1:colcon.colcon_core.package_identification:_identify(.) by extension 'colcon_meta'
[0.399s] Level 1:colcon.colcon_core.package_identification:_identify(.) by extensions ['ros']
[0.399s] Level 1:colcon.colcon_core.package_identification:_identify(.) by extension 'ros'
[0.412s] Level 1:colcon.colcon_core.package_identification:_identify(.) by extensions ['cmake', 'python']
[0.412s] Level 1:colcon.colcon_core.package_identification:_identify(.) by extension 'cmake'
[0.413s] Level 1:colcon.colcon_core.package_identification:_identify(.) by extension 'python'
[0.413s] Level 1:colcon.colcon_core.package_identification:_identify(.) by extensions ['python_setup_py']
[0.413s] Level 1:colcon.colcon_core.package_identification:_identify(.) by extension 'python_setup_py'
[0.414s] Level 1:colcon.colcon_core.package_identification:_identify(build) by extensions ['ignore', 'ignore_ament_install']
[0.414s] Level 1:colcon.colcon_core.package_identification:_identify(build) by extension 'ignore'
[0.415s] Level 1:colcon.colcon_core.package_identification:_identify(build) ignored
[0.416s] Level 1:colcon.colcon_core.package_identification:_identify(install) by extensions ['ignore', 'ignore_ament_install']
[0.416s] Level 1:colcon.colcon_core.package_identification:_identify(install) by extension 'ignore'
[0.416s] Level 1:colcon.colcon_core.package_identification:_identify(install) ignored
[0.418s] Level 1:colcon.colcon_core.package_identification:_identify(lane_assist_package) by extensions ['ignore', 'ignore_ament_install']
[0.418s] Level 1:colcon.colcon_core.package_identification:_identify(lane_assist_package) by extension 'ignore'
[0.419s] Level 1:colcon.colcon_core.package_identification:_identify(lane_assist_package) by extension 'ignore_ament_install'
[0.419s] Level 1:colcon.colcon_core.package_identification:_identify(lane_assist_package) by extensions ['colcon_pkg']
[0.419s] Level 1:colcon.colcon_core.package_identification:_identify(lane_assist_package) by extension 'colcon_pkg'
[0.420s] Level 1:colcon.colcon_core.package_identification:_identify(lane_assist_package) by extensions ['colcon_meta']
[0.420s] Level 1:colcon.colcon_core.package_identification:_identify(lane_assist_package) by extension 'colcon_meta'
[0.420s] Level 1:colcon.colcon_core.package_identification:_identify(lane_assist_package) by extensions ['ros']
[0.421s] Level 1:colcon.colcon_core.package_identification:_identify(lane_assist_package) by extension 'ros'
[0.425s] DEBUG:colcon.colcon_core.package_identification:Package 'lane_assist_package' with type 'ros.ament_python' and name 'lane_assist_package'
[0.425s] Level 1:colcon.colcon_core.package_identification:_identify(log) by extensions ['ignore', 'ignore_ament_install']
[0.426s] Level 1:colcon.colcon_core.package_identification:_identify(log) by extension 'ignore'
[0.426s] Level 1:colcon.colcon_core.package_identification:_identify(log) ignored
[0.427s] Level 1:colcon.colcon_core.package_identification:_identify(multilane_detection) by extensions ['ignore', 'ignore_ament_install']
[0.427s] Level 1:colcon.colcon_core.package_identification:_identify(multilane_detection) by extension 'ignore'
[0.428s] Level 1:colcon.colcon_core.package_identification:_identify(multilane_detection) by extension 'ignore_ament_install'
[0.429s] Level 1:colcon.colcon_core.package_identification:_identify(multilane_detection) by extensions ['colcon_pkg']
[0.429s] Level 1:colcon.colcon_core.package_identification:_identify(multilane_detection) by extension 'colcon_pkg'
[0.429s] Level 1:colcon.colcon_core.package_identification:_identify(multilane_detection) by extensions ['colcon_meta']
[0.429s] Level 1:colcon.colcon_core.package_identification:_identify(multilane_detection) by extension 'colcon_meta'
[0.429s] Level 1:colcon.colcon_core.package_identification:_identify(multilane_detection) by extensions ['ros']
[0.430s] Level 1:colcon.colcon_core.package_identification:_identify(multilane_detection) by extension 'ros'
[0.432s] DEBUG:colcon.colcon_core.package_identification:Package 'multilane_detection' with type 'ros.catkin' and name 'lane_assist_package'
[0.432s] Level 1:colcon.colcon_core.package_discovery:discover_packages(recursive) using defaults
[0.432s] Level 1:colcon.colcon_core.package_discovery:discover_packages(ignore) discover
[0.432s] Level 1:colcon.colcon_core.package_discovery:discover_packages(ignore) using defaults
[0.432s] Level 1:colcon.colcon_core.package_discovery:discover_packages(path) discover
[0.432s] Level 1:colcon.colcon_core.package_discovery:discover_packages(path) using defaults
[0.465s] Level 1:colcon.colcon_core.package_discovery:discover_packages(prefix_path) check parameters
[0.465s] Level 1:colcon.colcon_core.package_discovery:discover_packages(prefix_path) discover
[0.469s] DEBUG:colcon.colcon_installed_package_information.package_discovery:Found 414 installed packages in /opt/ros/humble
[0.471s] Level 1:colcon.colcon_core.package_discovery:discover_packages(prefix_path) using defaults
[0.519s] Level 5:colcon.colcon_core.verb:set package 'lane_assist_package' build argument 'cmake_args' from command line to 'None'
[0.519s] Level 5:colcon.colcon_core.verb:set package 'lane_assist_package' build argument 'cmake_target' from command line to 'None'
[0.519s] Level 5:colcon.colcon_core.verb:set package 'lane_assist_package' build argument 'cmake_target_skip_unavailable' from command line to 'False'
[0.519s] Level 5:colcon.colcon_core.verb:set package 'lane_assist_package' build argument 'cmake_clean_cache' from command line to 'False'
[0.519s] Level 5:colcon.colcon_core.verb:set package 'lane_assist_package' build argument 'cmake_clean_first' from command line to 'False'
[0.520s] Level 5:colcon.colcon_core.verb:set package 'lane_assist_package' build argument 'cmake_force_configure' from command line to 'False'
[0.520s] Level 5:colcon.colcon_core.verb:set package 'lane_assist_package' build argument 'ament_cmake_args' from command line to 'None'
[0.520s] Level 5:colcon.colcon_core.verb:set package 'lane_assist_package' build argument 'catkin_cmake_args' from command line to 'None'
[0.521s] Level 5:colcon.colcon_core.verb:set package 'lane_assist_package' build argument 'catkin_skip_building_tests' from command line to 'False'
[0.521s] DEBUG:colcon.colcon_core.verb:Building package 'lane_assist_package' with the following arguments: {'ament_cmake_args': None, 'build_base': '/home/kulka136/av/ros_ws/src/av_project_19/build/lane_assist_package', 'catkin_cmake_args': None, 'catkin_skip_building_tests': False, 'cmake_args': None, 'cmake_clean_cache': False, 'cmake_clean_first': False, 'cmake_force_configure': False, 'cmake_target': None, 'cmake_target_skip_unavailable': False, 'install_base': '/home/kulka136/av/ros_ws/src/av_project_19/install/lane_assist_package', 'merge_install': False, 'path': '/home/kulka136/av/ros_ws/src/av_project_19/lane_assist_package', 'symlink_install': False, 'test_result_base': None}
[0.522s] Level 5:colcon.colcon_core.verb:set package 'lane_assist_package' build argument 'cmake_args' from command line to 'None'
[0.522s] Level 5:colcon.colcon_core.verb:set package 'lane_assist_package' build argument 'cmake_target' from command line to 'None'
[0.522s] Level 5:colcon.colcon_core.verb:set package 'lane_assist_package' build argument 'cmake_target_skip_unavailable' from command line to 'False'
[0.522s] Level 5:colcon.colcon_core.verb:set package 'lane_assist_package' build argument 'cmake_clean_cache' from command line to 'False'
[0.522s] Level 5:colcon.colcon_core.verb:set package 'lane_assist_package' build argument 'cmake_clean_first' from command line to 'False'
[0.523s] Level 5:colcon.colcon_core.verb:set package 'lane_assist_package' build argument 'cmake_force_configure' from command line to 'False'
[0.523s] Level 5:colcon.colcon_core.verb:set package 'lane_assist_package' build argument 'ament_cmake_args' from command line to 'None'
[0.523s] Level 5:colcon.colcon_core.verb:set package 'lane_assist_package' build argument 'catkin_cmake_args' from command line to 'None'
[0.523s] Level 5:colcon.colcon_core.verb:set package 'lane_assist_package' build argument 'catkin_skip_building_tests' from command line to 'False'
[0.523s] DEBUG:colcon.colcon_core.verb:Building package 'lane_assist_package' with the following arguments: {'ament_cmake_args': None, 'build_base': '/home/kulka136/av/ros_ws/src/av_project_19/build/lane_assist_package', 'catkin_cmake_args': None, 'catkin_skip_building_tests': False, 'cmake_args': None, 'cmake_clean_cache': False, 'cmake_clean_first': False, 'cmake_force_configure': False, 'cmake_target': None, 'cmake_target_skip_unavailable': False, 'install_base': '/home/kulka136/av/ros_ws/src/av_project_19/install/lane_assist_package', 'merge_install': False, 'path': '/home/kulka136/av/ros_ws/src/av_project_19/multilane_detection', 'symlink_install': False, 'test_result_base': None}
[0.525s] INFO:colcon.colcon_core.executor:Executing jobs using 'parallel' executor
[0.526s] DEBUG:colcon.colcon_parallel_executor.executor.parallel:run_until_complete
[0.526s] INFO:colcon.colcon_ros.task.ament_python.build:Building ROS package in '/home/kulka136/av/ros_ws/src/av_project_19/lane_assist_package' with build type 'ament_python'
[0.527s] Level 1:colcon.colcon_core.shell:create_environment_hook('lane_assist_package', 'ament_prefix_path')
[0.530s] INFO:colcon.colcon_core.plugin_system:Skipping extension 'colcon_core.shell.bat': Not used on non-Windows systems
[0.531s] INFO:colcon.colcon_core.shell:Creating environment hook '/home/kulka136/av/ros_ws/src/av_project_19/install/lane_assist_package/share/lane_assist_package/hook/ament_prefix_path.ps1'
[0.536s] INFO:colcon.colcon_core.shell:Creating environment descriptor '/home/kulka136/av/ros_ws/src/av_project_19/install/lane_assist_package/share/lane_assist_package/hook/ament_prefix_path.dsv'
[0.538s] INFO:colcon.colcon_core.shell:Creating environment hook '/home/kulka136/av/ros_ws/src/av_project_19/install/lane_assist_package/share/lane_assist_package/hook/ament_prefix_path.sh'
[0.541s] INFO:colcon.colcon_core.shell:Skip shell extension 'powershell' for command environment: Not usable outside of PowerShell
[0.541s] DEBUG:colcon.colcon_core.shell:Skip shell extension 'dsv' for command environment
[0.546s] INFO:colcon.colcon_ros.task.catkin.build:Building ROS package in '/home/kulka136/av/ros_ws/src/av_project_19/multilane_detection' with build type 'catkin'
[0.546s] INFO:colcon.colcon_cmake.task.cmake.build:Building CMake package in '/home/kulka136/av/ros_ws/src/av_project_19/multilane_detection'
[0.547s] INFO:colcon.colcon_core.shell:Skip shell extension 'powershell' for command environment: Not usable outside of PowerShell
[0.547s] DEBUG:colcon.colcon_core.shell:Skip shell extension 'dsv' for command environment
[0.816s] INFO:colcon.colcon_core.task.python.build:Building Python package in '/home/kulka136/av/ros_ws/src/av_project_19/lane_assist_package'
[0.816s] INFO:colcon.colcon_core.shell:Skip shell extension 'powershell' for command environment: Not usable outside of PowerShell
[0.816s] DEBUG:colcon.colcon_core.shell:Skip shell extension 'dsv' for command environment
[0.832s] DEBUG:colcon.colcon_core.event_handler.log_command:Invoking command in '/home/kulka136/av/ros_ws/src/av_project_19/build/lane_assist_package': /usr/bin/cmake /home/kulka136/av/ros_ws/src/av_project_19/multilane_detection -DCATKIN_INSTALL_INTO_PREFIX_ROOT=0 -DCMAKE_INSTALL_PREFIX=/home/kulka136/av/ros_ws/src/av_project_19/install/lane_assist_package
[1.306s] DEBUG:colcon.colcon_core.event_handler.log_command:Invoking command in '/home/kulka136/av/ros_ws/src/av_project_19/lane_assist_package': PYTHONPATH=/home/kulka136/av/ros_ws/src/av_project_19/build/lane_assist_package/prefix_override:/usr/lib/python3/dist-packages/colcon_core/task/python/colcon_distutils_commands:/home/kulka136/av/ros_ws/src/av_project_19/install/lane_assist_package/lib/python3.10/site-packages:${PYTHONPATH} /usr/bin/python3 -W ignore:setup.py install is deprecated setup.py egg_info --egg-base ../build/lane_assist_package build --build-base /home/kulka136/av/ros_ws/src/av_project_19/build/lane_assist_package/build install --record /home/kulka136/av/ros_ws/src/av_project_19/build/lane_assist_package/install.log --single-version-externally-managed install_data
[1.546s] DEBUG:colcon.colcon_core.event_handler.log_command:Invoked command in '/home/kulka136/av/ros_ws/src/av_project_19/build/lane_assist_package' returned '1': /usr/bin/cmake /home/kulka136/av/ros_ws/src/av_project_19/multilane_detection -DCATKIN_INSTALL_INTO_PREFIX_ROOT=0 -DCMAKE_INSTALL_PREFIX=/home/kulka136/av/ros_ws/src/av_project_19/install/lane_assist_package
[1.564s] Level 1:colcon.colcon_core.environment:create_environment_scripts_only(lane_assist_package)
[1.569s] Level 1:colcon.colcon_core.environment:checking '/home/kulka136/av/ros_ws/src/av_project_19/install/lane_assist_package' for CMake module files
[1.569s] Level 1:colcon.colcon_core.environment:checking '/home/kulka136/av/ros_ws/src/av_project_19/install/lane_assist_package' for CMake config files
[1.570s] Level 1:colcon.colcon_core.environment:checking '/home/kulka136/av/ros_ws/src/av_project_19/install/lane_assist_package/bin'
[1.570s] Level 1:colcon.colcon_core.environment:checking '/home/kulka136/av/ros_ws/src/av_project_19/install/lane_assist_package/lib/pkgconfig/lane_assist_package.pc'
[1.570s] Level 1:colcon.colcon_core.environment:checking '/home/kulka136/av/ros_ws/src/av_project_19/install/lane_assist_package/lib/python3.10/site-packages'
[1.570s] Level 1:colcon.colcon_core.environment:checking '/home/kulka136/av/ros_ws/src/av_project_19/install/lane_assist_package/bin'
[1.571s] INFO:colcon.colcon_core.shell:Creating package script '/home/kulka136/av/ros_ws/src/av_project_19/install/lane_assist_package/share/lane_assist_package/package.ps1'
[1.576s] INFO:colcon.colcon_core.shell:Creating package descriptor '/home/kulka136/av/ros_ws/src/av_project_19/install/lane_assist_package/share/lane_assist_package/package.dsv'
[1.578s] INFO:colcon.colcon_core.shell:Creating package script '/home/kulka136/av/ros_ws/src/av_project_19/install/lane_assist_package/share/lane_assist_package/package.sh'
[1.582s] INFO:colcon.colcon_core.shell:Creating package script '/home/kulka136/av/ros_ws/src/av_project_19/install/lane_assist_package/share/lane_assist_package/package.bash'
[1.585s] INFO:colcon.colcon_core.shell:Creating package script '/home/kulka136/av/ros_ws/src/av_project_19/install/lane_assist_package/share/lane_assist_package/package.zsh'
[1.588s] Level 1:colcon.colcon_core.environment:create_file_with_runtime_dependencies(/home/kulka136/av/ros_ws/src/av_project_19/install/lane_assist_package/share/colcon-core/packages/lane_assist_package)
[1.694s] DEBUG:colcon.colcon_parallel_executor.executor.parallel:closing loop
[1.694s] DEBUG:colcon.colcon_parallel_executor.executor.parallel:loop closed
[1.695s] DEBUG:colcon.colcon_parallel_executor.executor.parallel:run_until_complete finished with '1'
[1.695s] DEBUG:colcon.colcon_core.event_reactor:joining thread
[1.703s] INFO:colcon.colcon_core.plugin_system:Skipping extension 'colcon_notification.desktop_notification.terminal_notifier': Not used on non-Darwin systems
[1.703s] INFO:colcon.colcon_core.plugin_system:Skipping extension 'colcon_notification.desktop_notification.win32': Not used on non-Windows systems
[1.703s] INFO:colcon.colcon_notification.desktop_notification:Sending desktop notification using 'notify2'
[1.766s] DEBUG:colcon.colcon_core.event_reactor:joined thread
[1.766s] INFO:colcon.colcon_core.shell:Creating prefix script '/home/kulka136/av/ros_ws/src/av_project_19/install/local_setup.ps1'
[1.769s] INFO:colcon.colcon_core.shell:Creating prefix util module '/home/kulka136/av/ros_ws/src/av_project_19/install/_local_setup_util_ps1.py'
[1.772s] INFO:colcon.colcon_core.shell:Creating prefix chain script '/home/kulka136/av/ros_ws/src/av_project_19/install/setup.ps1'
[1.775s] INFO:colcon.colcon_core.shell:Creating prefix script '/home/kulka136/av/ros_ws/src/av_project_19/install/local_setup.sh'
[1.778s] INFO:colcon.colcon_core.shell:Creating prefix util module '/home/kulka136/av/ros_ws/src/av_project_19/install/_local_setup_util_sh.py'
[1.781s] INFO:colcon.colcon_core.shell:Creating prefix chain script '/home/kulka136/av/ros_ws/src/av_project_19/install/setup.sh'
[1.784s] INFO:colcon.colcon_core.shell:Creating prefix script '/home/kulka136/av/ros_ws/src/av_project_19/install/local_setup.bash'
[1.786s] INFO:colcon.colcon_core.shell:Creating prefix chain script '/home/kulka136/av/ros_ws/src/av_project_19/install/setup.bash'
[1.789s] INFO:colcon.colcon_core.shell:Creating prefix script '/home/kulka136/av/ros_ws/src/av_project_19/install/local_setup.zsh'
[1.791s] INFO:colcon.colcon_core.shell:Creating prefix chain script '/home/kulka136/av/ros_ws/src/av_project_19/install/setup.zsh'
