running egg_info
creating ../build/lane_assist_package/lane_assist_package.egg-info
writing ../build/lane_assist_package/lane_assist_package.egg-info/PKG-INFO
writing dependency_links to ../build/lane_assist_package/lane_assist_package.egg-info/dependency_links.txt
writing entry points to ../build/lane_assist_package/lane_assist_package.egg-info/entry_points.txt
writing requirements to ../build/lane_assist_package/lane_assist_package.egg-info/requires.txt
writing top-level names to ../build/lane_assist_package/lane_assist_package.egg-info/top_level.txt
writing manifest file '../build/lane_assist_package/lane_assist_package.egg-info/SOURCES.txt'
reading manifest file '../build/lane_assist_package/lane_assist_package.egg-info/SOURCES.txt'
writing manifest file '../build/lane_assist_package/lane_assist_package.egg-info/SOURCES.txt'
running build
running build_py
creating /home/kulka136/av/ros_ws/src/av_project_19/build/lane_assist_package/build
creating /home/kulka136/av/ros_ws/src/av_project_19/build/lane_assist_package/build/lib
creating /home/kulka136/av/ros_ws/src/av_project_19/build/lane_assist_package/build/lib/lane_assist_package
copying lane_assist_package/__init__.py -> /home/kulka136/av/ros_ws/src/av_project_19/build/lane_assist_package/build/lib/lane_assist_package
running install
running install_lib
creating /home/kulka136/av/ros_ws/src/av_project_19/install/lane_assist_package/lib/python3.10/site-packages/lane_assist_package
copying /home/kulka136/av/ros_ws/src/av_project_19/build/lane_assist_package/build/lib/lane_assist_package/__init__.py -> /home/kulka136/av/ros_ws/src/av_project_19/install/lane_assist_package/lib/python3.10/site-packages/lane_assist_package
byte-compiling /home/kulka136/av/ros_ws/src/av_project_19/install/lane_assist_package/lib/python3.10/site-packages/lane_assist_package/__init__.py to __init__.cpython-310.pyc
running install_data
creating /home/kulka136/av/ros_ws/src/av_project_19/install/lane_assist_package/share/ament_index
creating /home/kulka136/av/ros_ws/src/av_project_19/install/lane_assist_package/share/ament_index/resource_index
creating /home/kulka136/av/ros_ws/src/av_project_19/install/lane_assist_package/share/ament_index/resource_index/packages
copying resource/lane_assist_package -> /home/kulka136/av/ros_ws/src/av_project_19/install/lane_assist_package/share/ament_index/resource_index/packages
copying package.xml -> /home/kulka136/av/ros_ws/src/av_project_19/install/lane_assist_package/share/lane_assist_package
running install_egg_info
Copying ../build/lane_assist_package/lane_assist_package.egg-info to /home/kulka136/av/ros_ws/src/av_project_19/install/lane_assist_package/lib/python3.10/site-packages/lane_assist_package-0.0.0-py3.10.egg-info
running install_scripts
writing list of installed files to '/home/kulka136/av/ros_ws/src/av_project_19/build/lane_assist_package/install.log'
