[0.779s] Invoking command in '/home/kulka136/av/ros_ws/src/av_project_19/lane_assist_package': PYTHONPATH=/home/kulka136/av/ros_ws/src/av_project_19/build/lane_assist_package/prefix_override:/usr/lib/python3/dist-packages/colcon_core/task/python/colcon_distutils_commands:/home/kulka136/av/ros_ws/src/av_project_19/install/lane_assist_package/lib/python3.10/site-packages:${PYTHONPATH} /usr/bin/python3 -W ignore:setup.py install is deprecated setup.py egg_info --egg-base ../build/lane_assist_package build --build-base /home/kulka136/av/ros_ws/src/av_project_19/build/lane_assist_package/build install --record /home/kulka136/av/ros_ws/src/av_project_19/build/lane_assist_package/install.log --single-version-externally-managed install_data
[1.029s] running egg_info
[1.030s] creating ../build/lane_assist_package/lane_assist_package.egg-info
[1.032s] writing ../build/lane_assist_package/lane_assist_package.egg-info/PKG-INFO
[1.036s] writing dependency_links to ../build/lane_assist_package/lane_assist_package.egg-info/dependency_links.txt
[1.038s] writing entry points to ../build/lane_assist_package/lane_assist_package.egg-info/entry_points.txt
[1.040s] writing requirements to ../build/lane_assist_package/lane_assist_package.egg-info/requires.txt
[1.043s] writing top-level names to ../build/lane_assist_package/lane_assist_package.egg-info/top_level.txt
[1.046s] writing manifest file '../build/lane_assist_package/lane_assist_package.egg-info/SOURCES.txt'
[1.055s] reading manifest file '../build/lane_assist_package/lane_assist_package.egg-info/SOURCES.txt'
[1.058s] writing manifest file '../build/lane_assist_package/lane_assist_package.egg-info/SOURCES.txt'
[1.060s] running build
[1.060s] running build_py
[1.061s] creating /home/kulka136/av/ros_ws/src/av_project_19/build/lane_assist_package/build
[1.061s] creating /home/kulka136/av/ros_ws/src/av_project_19/build/lane_assist_package/build/lib
[1.063s] creating /home/kulka136/av/ros_ws/src/av_project_19/build/lane_assist_package/build/lib/lane_assist_package
[1.064s] copying lane_assist_package/__init__.py -> /home/kulka136/av/ros_ws/src/av_project_19/build/lane_assist_package/build/lib/lane_assist_package
[1.068s] running install
[1.068s] running install_lib
[1.069s] creating /home/kulka136/av/ros_ws/src/av_project_19/install/lane_assist_package/lib/python3.10/site-packages/lane_assist_package
[1.070s] copying /home/kulka136/av/ros_ws/src/av_project_19/build/lane_assist_package/build/lib/lane_assist_package/__init__.py -> /home/kulka136/av/ros_ws/src/av_project_19/install/lane_assist_package/lib/python3.10/site-packages/lane_assist_package
[1.073s] byte-compiling /home/kulka136/av/ros_ws/src/av_project_19/install/lane_assist_package/lib/python3.10/site-packages/lane_assist_package/__init__.py to __init__.cpython-310.pyc
[1.077s] running install_data
[1.078s] creating /home/kulka136/av/ros_ws/src/av_project_19/install/lane_assist_package/share/ament_index
[1.078s] creating /home/kulka136/av/ros_ws/src/av_project_19/install/lane_assist_package/share/ament_index/resource_index
[1.079s] creating /home/kulka136/av/ros_ws/src/av_project_19/install/lane_assist_package/share/ament_index/resource_index/packages
[1.080s] copying resource/lane_assist_package -> /home/kulka136/av/ros_ws/src/av_project_19/install/lane_assist_package/share/ament_index/resource_index/packages
[1.083s] copying package.xml -> /home/kulka136/av/ros_ws/src/av_project_19/install/lane_assist_package/share/lane_assist_package
[1.085s] running install_egg_info
[1.087s] Copying ../build/lane_assist_package/lane_assist_package.egg-info to /home/kulka136/av/ros_ws/src/av_project_19/install/lane_assist_package/lib/python3.10/site-packages/lane_assist_package-0.0.0-py3.10.egg-info
[1.110s] running install_scripts
[1.132s] writing list of installed files to '/home/kulka136/av/ros_ws/src/av_project_19/build/lane_assist_package/install.log'
