/home/kulka136/av/ros_ws/src/av_project_19/install/lane_assist_package/lib/python3.10/site-packages/lane_assist_package/__init__.py
/home/kulka136/av/ros_ws/src/av_project_19/install/lane_assist_package/lib/python3.10/site-packages/lane_assist_package/lane_assist.py
/home/kulka136/av/ros_ws/src/av_project_19/install/lane_assist_package/lib/python3.10/site-packages/lane_assist_package/lane_detection.py
/home/kulka136/av/ros_ws/src/av_project_19/install/lane_assist_package/lib/python3.10/site-packages/lane_assist_package/lane_regression.py
/home/kulka136/av/ros_ws/src/av_project_19/install/lane_assist_package/lib/python3.10/site-packages/lane_assist_package/__pycache__/__init__.cpython-310.pyc
/home/kulka136/av/ros_ws/src/av_project_19/install/lane_assist_package/lib/python3.10/site-packages/lane_assist_package/__pycache__/lane_assist.cpython-310.pyc
/home/kulka136/av/ros_ws/src/av_project_19/install/lane_assist_package/lib/python3.10/site-packages/lane_assist_package/__pycache__/lane_detection.cpython-310.pyc
/home/kulka136/av/ros_ws/src/av_project_19/install/lane_assist_package/lib/python3.10/site-packages/lane_assist_package/__pycache__/lane_regression.cpython-310.pyc
/home/kulka136/av/ros_ws/src/av_project_19/install/lane_assist_package/share/ament_index/resource_index/packages/lane_assist_package
/home/kulka136/av/ros_ws/src/av_project_19/install/lane_assist_package/share/lane_assist_package/package.xml
/home/kulka136/av/ros_ws/src/av_project_19/install/lane_assist_package/lib/python3.10/site-packages/lane_assist_package-0.0.0-py3.10.egg-info/PKG-INFO
/home/kulka136/av/ros_ws/src/av_project_19/install/lane_assist_package/lib/python3.10/site-packages/lane_assist_package-0.0.0-py3.10.egg-info/zip-safe
/home/kulka136/av/ros_ws/src/av_project_19/install/lane_assist_package/lib/python3.10/site-packages/lane_assist_package-0.0.0-py3.10.egg-info/dependency_links.txt
/home/kulka136/av/ros_ws/src/av_project_19/install/lane_assist_package/lib/python3.10/site-packages/lane_assist_package-0.0.0-py3.10.egg-info/entry_points.txt
/home/kulka136/av/ros_ws/src/av_project_19/install/lane_assist_package/lib/python3.10/site-packages/lane_assist_package-0.0.0-py3.10.egg-info/requires.txt
/home/kulka136/av/ros_ws/src/av_project_19/install/lane_assist_package/lib/python3.10/site-packages/lane_assist_package-0.0.0-py3.10.egg-info/top_level.txt
/home/kulka136/av/ros_ws/src/av_project_19/install/lane_assist_package/lib/python3.10/site-packages/lane_assist_package-0.0.0-py3.10.egg-info/SOURCES.txt
/home/kulka136/av/ros_ws/src/av_project_19/install/lane_assist_package/lib/lane_assist_package/lane_assist
/home/kulka136/av/ros_ws/src/av_project_19/install/lane_assist_package/lib/lane_assist_package/lane_detection
/home/kulka136/av/ros_ws/src/av_project_19/install/lane_assist_package/lib/lane_assist_package/lane_regression
