[0.662s] Invoking command in '/home/kulka136/av/ros_ws/src/av_project_19/lane_assist_package': PYTHONPATH=/home/kulka136/av/ros_ws/src/av_project_19/build/lane_assist_package/prefix_override:/usr/lib/python3/dist-packages/colcon_core/task/python/colcon_distutils_commands:/home/kulka136/av/ros_ws/src/av_project_19/install/lane_assist_package/lib/python3.10/site-packages:${PYTHONPATH} /usr/bin/python3 -W ignore:setup.py install is deprecated setup.py egg_info --egg-base ../build/lane_assist_package build --build-base /home/kulka136/av/ros_ws/src/av_project_19/build/lane_assist_package/build install --record /home/kulka136/av/ros_ws/src/av_project_19/build/lane_assist_package/install.log --single-version-externally-managed install_data
[0.919s] running egg_info
[0.920s] writing ../build/lane_assist_package/lane_assist_package.egg-info/PKG-INFO
[0.922s] writing dependency_links to ../build/lane_assist_package/lane_assist_package.egg-info/dependency_links.txt
[0.923s] writing entry points to ../build/lane_assist_package/lane_assist_package.egg-info/entry_points.txt
[0.925s] writing requirements to ../build/lane_assist_package/lane_assist_package.egg-info/requires.txt
[0.926s] writing top-level names to ../build/lane_assist_package/lane_assist_package.egg-info/top_level.txt
[0.932s] reading manifest file '../build/lane_assist_package/lane_assist_package.egg-info/SOURCES.txt'
[0.934s] writing manifest file '../build/lane_assist_package/lane_assist_package.egg-info/SOURCES.txt'
[0.935s] running build
[0.936s] running build_py
[0.937s] copying lane_assist_package/lane_assist.py -> /home/kulka136/av/ros_ws/src/av_project_19/build/lane_assist_package/build/lib/lane_assist_package
[0.940s] copying lane_assist_package/lane_detection.py -> /home/kulka136/av/ros_ws/src/av_project_19/build/lane_assist_package/build/lib/lane_assist_package
[0.942s] copying lane_assist_package/lane_regression.py -> /home/kulka136/av/ros_ws/src/av_project_19/build/lane_assist_package/build/lib/lane_assist_package
[0.944s] running install
[0.945s] running install_lib
[0.947s] copying /home/kulka136/av/ros_ws/src/av_project_19/build/lane_assist_package/build/lib/lane_assist_package/lane_assist.py -> /home/kulka136/av/ros_ws/src/av_project_19/install/lane_assist_package/lib/python3.10/site-packages/lane_assist_package
[0.949s] copying /home/kulka136/av/ros_ws/src/av_project_19/build/lane_assist_package/build/lib/lane_assist_package/lane_detection.py -> /home/kulka136/av/ros_ws/src/av_project_19/install/lane_assist_package/lib/python3.10/site-packages/lane_assist_package
[0.952s] copying /home/kulka136/av/ros_ws/src/av_project_19/build/lane_assist_package/build/lib/lane_assist_package/lane_regression.py -> /home/kulka136/av/ros_ws/src/av_project_19/install/lane_assist_package/lib/python3.10/site-packages/lane_assist_package
[0.955s] byte-compiling /home/kulka136/av/ros_ws/src/av_project_19/install/lane_assist_package/lib/python3.10/site-packages/lane_assist_package/lane_assist.py to lane_assist.cpython-310.pyc
[0.959s] byte-compiling /home/kulka136/av/ros_ws/src/av_project_19/install/lane_assist_package/lib/python3.10/site-packages/lane_assist_package/lane_detection.py to lane_detection.cpython-310.pyc
[0.962s] byte-compiling /home/kulka136/av/ros_ws/src/av_project_19/install/lane_assist_package/lib/python3.10/site-packages/lane_assist_package/lane_regression.py to lane_regression.cpython-310.pyc
[0.969s] running install_data
[0.970s] running install_egg_info
[0.971s] removing '/home/kulka136/av/ros_ws/src/av_project_19/install/lane_assist_package/lib/python3.10/site-packages/lane_assist_package-0.0.0-py3.10.egg-info' (and everything under it)
[0.977s] Copying ../build/lane_assist_package/lane_assist_package.egg-info to /home/kulka136/av/ros_ws/src/av_project_19/install/lane_assist_package/lib/python3.10/site-packages/lane_assist_package-0.0.0-py3.10.egg-info
[0.996s] running install_scripts
[1.017s] writing list of installed files to '/home/kulka136/av/ros_ws/src/av_project_19/build/lane_assist_package/install.log'
[1.043s] Invoked command in '/home/kulka136/av/ros_ws/src/av_project_19/lane_assist_package' returned '0': PYTHONPATH=/home/kulka136/av/ros_ws/src/av_project_19/build/lane_assist_package/prefix_override:/usr/lib/python3/dist-packages/colcon_core/task/python/colcon_distutils_commands:/home/kulka136/av/ros_ws/src/av_project_19/install/lane_assist_package/lib/python3.10/site-packages:${PYTHONPATH} /usr/bin/python3 -W ignore:setup.py install is deprecated setup.py egg_info --egg-base ../build/lane_assist_package build --build-base /home/kulka136/av/ros_ws/src/av_project_19/build/lane_assist_package/build install --record /home/kulka136/av/ros_ws/src/av_project_19/build/lane_assist_package/install.log --single-version-externally-managed install_data
