[0.285s] Invoking command in '/home/kulka136/av/ros_ws/src/av_project_19/build/lane_assist_package': /usr/bin/cmake /home/kulka136/av/ros_ws/src/av_project_19/multilane_detection -DCATKIN_INSTALL_INTO_PREFIX_ROOT=0 -DCMAKE_INSTALL_PREFIX=/home/kulka136/av/ros_ws/src/av_project_19/install/lane_assist_package
[0.314s] [0mCMake Deprecation Warning at CMakeLists.txt:1 (cmake_minimum_required):
[0.315s]   Compatibility with CMake < 2.8.12 will be removed from a future version of
[0.315s]   CMake.
[0.316s] 
[0.316s]   Update the VERSION argument <min> value or use a ...<max> suffix to tell
[0.316s]   CMake that the project does not need compatibility with older versions.
[0.317s] 
[0.317s] [0m
[0.442s] -- The C compiler identification is GNU 11.4.0
[0.563s] -- The CXX compiler identification is GNU 11.4.0
[0.580s] -- Detecting C compiler ABI info
[0.750s] -- Detecting C compiler ABI info - done
[0.762s] -- Check for working C compiler: /usr/bin/cc - skipped
[0.763s] -- Detecting C compile features
[0.764s] -- Detecting C compile features - done
[0.778s] -- Detecting CXX compiler ABI info
[0.950s] -- Detecting CXX compiler ABI info - done
[0.961s] -- Check for working CXX compiler: /usr/bin/c++ - skipped
[0.962s] -- Detecting CXX compile features
[0.963s] -- Detecting CXX compile features - done
[0.989s] [31mCMake Error at CMakeLists.txt:10 (find_package):
[0.990s]   By not providing "Findcatkin.cmake" in CMAKE_MODULE_PATH this project has
[0.992s]   asked CMake to find a package configuration file provided by "catkin", but
[0.992s]   CMake did not find one.
[0.992s] 
[0.993s]   Could not find a package configuration file provided by "catkin" with any
[0.993s]   of the following names:
[0.994s] 
[0.994s]     catkinConfig.cmake
[0.994s]     catkin-config.cmake
[0.994s] 
[0.994s]   Add the installation prefix of "catkin" to CMAKE_PREFIX_PATH or set
[0.995s]   "catkin_DIR" to a directory containing one of the above files.  If "catkin"
[0.997s]   provides a separate development package or SDK, be sure it has been
[0.997s]   installed.
[0.997s] 
[0.998s] [0m
[0.998s] -- Configuring incomplete, errors occurred!
[0.998s] See also "/home/kulka136/av/ros_ws/src/av_project_19/build/lane_assist_package/CMakeFiles/CMakeOutput.log".
[1.000s] Invoked command in '/home/kulka136/av/ros_ws/src/av_project_19/build/lane_assist_package' returned '1': /usr/bin/cmake /home/kulka136/av/ros_ws/src/av_project_19/multilane_detection -DCATKIN_INSTALL_INTO_PREFIX_ROOT=0 -DCMAKE_INSTALL_PREFIX=/home/kulka136/av/ros_ws/src/av_project_19/install/lane_assist_package
