[0.113s] DEBUG:colcon:Command line arguments: ['/usr/bin/colcon', 'build', '--packages-select', 'lane_assist_package']
[0.113s] DEBUG:colcon:Parsed command line arguments: Namespace(log_base=None, log_level=None, verb_name='build', build_base='build', install_base='install', merge_install=False, symlink_install=False, test_result_base=None, continue_on_error=False, executor='parallel', parallel_workers=8, event_handlers=None, ignore_user_meta=False, metas=['./colcon.meta'], base_paths=['.'], packages_ignore=None, packages_ignore_regex=None, paths=None, packages_up_to=None, packages_up_to_regex=None, packages_above=None, packages_above_and_dependencies=None, packages_above_depth=None, packages_select_by_dep=None, packages_skip_by_dep=None, packages_skip_up_to=None, packages_select_build_failed=False, packages_skip_build_finished=False, packages_select_test_failures=False, packages_skip_test_passed=False, packages_select=['lane_assist_package'], packages_skip=None, packages_select_regex=None, packages_skip_regex=None, packages_start=None, packages_end=None, allow_overriding=[], cmake_args=None, cmake_target=None, cmake_target_skip_unavailable=False, cmake_clean_cache=False, cmake_clean_first=False, cmake_force_configure=False, ament_cmake_args=None, catkin_cmake_args=None, catkin_skip_building_tests=False, mixin_files=None, mixin=None, verb_parser=<colcon_mixin.mixin.mixin_argument.MixinArgumentDecorator object at 0x7fa162aaec80>, verb_extension=<colcon_core.verb.build.BuildVerb object at 0x7fa162aae470>, main=<bound method BuildVerb.main of <colcon_core.verb.build.BuildVerb object at 0x7fa162aae470>>, mixin_verb=('build',))
[0.301s] Level 1:colcon.colcon_core.package_discovery:discover_packages(colcon_meta) check parameters
[0.302s] Level 1:colcon.colcon_core.package_discovery:discover_packages(recursive) check parameters
[0.302s] Level 1:colcon.colcon_core.package_discovery:discover_packages(ignore) check parameters
[0.302s] Level 1:colcon.colcon_core.package_discovery:discover_packages(path) check parameters
[0.302s] Level 1:colcon.colcon_core.package_discovery:discover_packages(colcon_meta) discover
[0.303s] Level 1:colcon.colcon_core.package_discovery:discover_packages(recursive) discover
[0.303s] INFO:colcon.colcon_core.package_discovery:Crawling recursively for packages in '/home/kulka136/av/ros_ws/src/av_project_19'
[0.304s] Level 1:colcon.colcon_core.package_identification:_identify(.) by extensions ['ignore', 'ignore_ament_install']
[0.304s] Level 1:colcon.colcon_core.package_identification:_identify(.) by extension 'ignore'
[0.304s] Level 1:colcon.colcon_core.package_identification:_identify(.) by extension 'ignore_ament_install'
[0.304s] Level 1:colcon.colcon_core.package_identification:_identify(.) by extensions ['colcon_pkg']
[0.305s] Level 1:colcon.colcon_core.package_identification:_identify(.) by extension 'colcon_pkg'
[0.305s] Level 1:colcon.colcon_core.package_identification:_identify(.) by extensions ['colcon_meta']
[0.306s] Level 1:colcon.colcon_core.package_identification:_identify(.) by extension 'colcon_meta'
[0.306s] Level 1:colcon.colcon_core.package_identification:_identify(.) by extensions ['ros']
[0.306s] Level 1:colcon.colcon_core.package_identification:_identify(.) by extension 'ros'
[0.316s] Level 1:colcon.colcon_core.package_identification:_identify(.) by extensions ['cmake', 'python']
[0.317s] Level 1:colcon.colcon_core.package_identification:_identify(.) by extension 'cmake'
[0.317s] Level 1:colcon.colcon_core.package_identification:_identify(.) by extension 'python'
[0.317s] Level 1:colcon.colcon_core.package_identification:_identify(.) by extensions ['python_setup_py']
[0.317s] Level 1:colcon.colcon_core.package_identification:_identify(.) by extension 'python_setup_py'
[0.317s] Level 1:colcon.colcon_core.package_identification:_identify(build) by extensions ['ignore', 'ignore_ament_install']
[0.317s] Level 1:colcon.colcon_core.package_identification:_identify(build) by extension 'ignore'
[0.318s] Level 1:colcon.colcon_core.package_identification:_identify(build) ignored
[0.320s] Level 1:colcon.colcon_core.package_identification:_identify(install) by extensions ['ignore', 'ignore_ament_install']
[0.320s] Level 1:colcon.colcon_core.package_identification:_identify(install) by extension 'ignore'
[0.321s] Level 1:colcon.colcon_core.package_identification:_identify(install) ignored
[0.321s] Level 1:colcon.colcon_core.package_identification:_identify(lane_assist_package) by extensions ['ignore', 'ignore_ament_install']
[0.321s] Level 1:colcon.colcon_core.package_identification:_identify(lane_assist_package) by extension 'ignore'
[0.322s] Level 1:colcon.colcon_core.package_identification:_identify(lane_assist_package) by extension 'ignore_ament_install'
[0.322s] Level 1:colcon.colcon_core.package_identification:_identify(lane_assist_package) by extensions ['colcon_pkg']
[0.323s] Level 1:colcon.colcon_core.package_identification:_identify(lane_assist_package) by extension 'colcon_pkg'
[0.323s] Level 1:colcon.colcon_core.package_identification:_identify(lane_assist_package) by extensions ['colcon_meta']
[0.323s] Level 1:colcon.colcon_core.package_identification:_identify(lane_assist_package) by extension 'colcon_meta'
[0.323s] Level 1:colcon.colcon_core.package_identification:_identify(lane_assist_package) by extensions ['ros']
[0.323s] Level 1:colcon.colcon_core.package_identification:_identify(lane_assist_package) by extension 'ros'
[0.326s] DEBUG:colcon.colcon_core.package_identification:Package 'lane_assist_package' with type 'ros.ament_python' and name 'lane_assist_package'
[0.328s] Level 1:colcon.colcon_core.package_identification:_identify(log) by extensions ['ignore', 'ignore_ament_install']
[0.328s] Level 1:colcon.colcon_core.package_identification:_identify(log) by extension 'ignore'
[0.328s] Level 1:colcon.colcon_core.package_identification:_identify(log) ignored
[0.329s] Level 1:colcon.colcon_core.package_identification:_identify(multilane_detection) by extensions ['ignore', 'ignore_ament_install']
[0.329s] Level 1:colcon.colcon_core.package_identification:_identify(multilane_detection) by extension 'ignore'
[0.330s] Level 1:colcon.colcon_core.package_identification:_identify(multilane_detection) by extension 'ignore_ament_install'
[0.330s] Level 1:colcon.colcon_core.package_identification:_identify(multilane_detection) by extensions ['colcon_pkg']
[0.331s] Level 1:colcon.colcon_core.package_identification:_identify(multilane_detection) by extension 'colcon_pkg'
[0.331s] Level 1:colcon.colcon_core.package_identification:_identify(multilane_detection) by extensions ['colcon_meta']
[0.331s] Level 1:colcon.colcon_core.package_identification:_identify(multilane_detection) by extension 'colcon_meta'
[0.332s] Level 1:colcon.colcon_core.package_identification:_identify(multilane_detection) by extensions ['ros']
[0.332s] Level 1:colcon.colcon_core.package_identification:_identify(multilane_detection) by extension 'ros'
[0.334s] DEBUG:colcon.colcon_core.package_identification:Package 'multilane_detection' with type 'ros.catkin' and name 'lane_assist_package'
[0.334s] Level 1:colcon.colcon_core.package_discovery:discover_packages(recursive) using defaults
[0.334s] Level 1:colcon.colcon_core.package_discovery:discover_packages(ignore) discover
[0.334s] Level 1:colcon.colcon_core.package_discovery:discover_packages(ignore) using defaults
[0.334s] Level 1:colcon.colcon_core.package_discovery:discover_packages(path) discover
[0.335s] Level 1:colcon.colcon_core.package_discovery:discover_packages(path) using defaults
[0.363s] INFO:colcon.colcon_core.package_selection:Skipping not selected package 'lane_assist_package' in 'multilane_detection'
[0.364s] Level 1:colcon.colcon_core.package_discovery:discover_packages(prefix_path) check parameters
[0.364s] Level 1:colcon.colcon_core.package_discovery:discover_packages(prefix_path) discover
[0.367s] DEBUG:colcon.colcon_installed_package_information.package_discovery:Found 414 installed packages in /opt/ros/humble
[0.369s] Level 1:colcon.colcon_core.package_discovery:discover_packages(prefix_path) using defaults
[0.420s] Level 5:colcon.colcon_core.verb:set package 'lane_assist_package' build argument 'cmake_args' from command line to 'None'
[0.420s] Level 5:colcon.colcon_core.verb:set package 'lane_assist_package' build argument 'cmake_target' from command line to 'None'
[0.420s] Level 5:colcon.colcon_core.verb:set package 'lane_assist_package' build argument 'cmake_target_skip_unavailable' from command line to 'False'
[0.420s] Level 5:colcon.colcon_core.verb:set package 'lane_assist_package' build argument 'cmake_clean_cache' from command line to 'False'
[0.420s] Level 5:colcon.colcon_core.verb:set package 'lane_assist_package' build argument 'cmake_clean_first' from command line to 'False'
[0.420s] Level 5:colcon.colcon_core.verb:set package 'lane_assist_package' build argument 'cmake_force_configure' from command line to 'False'
[0.420s] Level 5:colcon.colcon_core.verb:set package 'lane_assist_package' build argument 'ament_cmake_args' from command line to 'None'
[0.420s] Level 5:colcon.colcon_core.verb:set package 'lane_assist_package' build argument 'catkin_cmake_args' from command line to 'None'
[0.420s] Level 5:colcon.colcon_core.verb:set package 'lane_assist_package' build argument 'catkin_skip_building_tests' from command line to 'False'
[0.420s] DEBUG:colcon.colcon_core.verb:Building package 'lane_assist_package' with the following arguments: {'ament_cmake_args': None, 'build_base': '/home/kulka136/av/ros_ws/src/av_project_19/build/lane_assist_package', 'catkin_cmake_args': None, 'catkin_skip_building_tests': False, 'cmake_args': None, 'cmake_clean_cache': False, 'cmake_clean_first': False, 'cmake_force_configure': False, 'cmake_target': None, 'cmake_target_skip_unavailable': False, 'install_base': '/home/kulka136/av/ros_ws/src/av_project_19/install/lane_assist_package', 'merge_install': False, 'path': '/home/kulka136/av/ros_ws/src/av_project_19/lane_assist_package', 'symlink_install': False, 'test_result_base': None}
[0.421s] INFO:colcon.colcon_core.executor:Executing jobs using 'parallel' executor
[0.423s] DEBUG:colcon.colcon_parallel_executor.executor.parallel:run_until_complete
[0.423s] INFO:colcon.colcon_ros.task.ament_python.build:Building ROS package in '/home/kulka136/av/ros_ws/src/av_project_19/lane_assist_package' with build type 'ament_python'
[0.424s] Level 1:colcon.colcon_core.shell:create_environment_hook('lane_assist_package', 'ament_prefix_path')
[0.426s] INFO:colcon.colcon_core.plugin_system:Skipping extension 'colcon_core.shell.bat': Not used on non-Windows systems
[0.426s] INFO:colcon.colcon_core.shell:Creating environment hook '/home/kulka136/av/ros_ws/src/av_project_19/install/lane_assist_package/share/lane_assist_package/hook/ament_prefix_path.ps1'
[0.433s] INFO:colcon.colcon_core.shell:Creating environment descriptor '/home/kulka136/av/ros_ws/src/av_project_19/install/lane_assist_package/share/lane_assist_package/hook/ament_prefix_path.dsv'
[0.440s] INFO:colcon.colcon_core.shell:Creating environment hook '/home/kulka136/av/ros_ws/src/av_project_19/install/lane_assist_package/share/lane_assist_package/hook/ament_prefix_path.sh'
[0.443s] INFO:colcon.colcon_core.shell:Skip shell extension 'powershell' for command environment: Not usable outside of PowerShell
[0.443s] DEBUG:colcon.colcon_core.shell:Skip shell extension 'dsv' for command environment
[0.742s] INFO:colcon.colcon_core.task.python.build:Building Python package in '/home/kulka136/av/ros_ws/src/av_project_19/lane_assist_package'
[0.742s] INFO:colcon.colcon_core.shell:Skip shell extension 'powershell' for command environment: Not usable outside of PowerShell
[0.743s] DEBUG:colcon.colcon_core.shell:Skip shell extension 'dsv' for command environment
[1.131s] DEBUG:colcon.colcon_core.event_handler.log_command:Invoking command in '/home/kulka136/av/ros_ws/src/av_project_19/lane_assist_package': PYTHONPATH=/home/kulka136/av/ros_ws/src/av_project_19/build/lane_assist_package/prefix_override:/usr/lib/python3/dist-packages/colcon_core/task/python/colcon_distutils_commands:/home/kulka136/av/ros_ws/src/av_project_19/install/lane_assist_package/lib/python3.10/site-packages:${PYTHONPATH} /usr/bin/python3 -W ignore:setup.py install is deprecated setup.py egg_info --egg-base ../build/lane_assist_package build --build-base /home/kulka136/av/ros_ws/src/av_project_19/build/lane_assist_package/build install --record /home/kulka136/av/ros_ws/src/av_project_19/build/lane_assist_package/install.log --single-version-externally-managed install_data
[1.551s] DEBUG:colcon.colcon_core.event_handler.log_command:Invoked command in '/home/kulka136/av/ros_ws/src/av_project_19/lane_assist_package' returned '0': PYTHONPATH=/home/kulka136/av/ros_ws/src/av_project_19/build/lane_assist_package/prefix_override:/usr/lib/python3/dist-packages/colcon_core/task/python/colcon_distutils_commands:/home/kulka136/av/ros_ws/src/av_project_19/install/lane_assist_package/lib/python3.10/site-packages:${PYTHONPATH} /usr/bin/python3 -W ignore:setup.py install is deprecated setup.py egg_info --egg-base ../build/lane_assist_package build --build-base /home/kulka136/av/ros_ws/src/av_project_19/build/lane_assist_package/build install --record /home/kulka136/av/ros_ws/src/av_project_19/build/lane_assist_package/install.log --single-version-externally-managed install_data
[1.553s] Level 1:colcon.colcon_core.environment:checking '/home/kulka136/av/ros_ws/src/av_project_19/install/lane_assist_package' for CMake module files
[1.556s] Level 1:colcon.colcon_core.environment:checking '/home/kulka136/av/ros_ws/src/av_project_19/install/lane_assist_package' for CMake config files
[1.563s] Level 1:colcon.colcon_core.environment:checking '/home/kulka136/av/ros_ws/src/av_project_19/install/lane_assist_package/lib'
[1.563s] Level 1:colcon.colcon_core.environment:checking '/home/kulka136/av/ros_ws/src/av_project_19/install/lane_assist_package/bin'
[1.564s] Level 1:colcon.colcon_core.environment:checking '/home/kulka136/av/ros_ws/src/av_project_19/install/lane_assist_package/lib/pkgconfig/lane_assist_package.pc'
[1.564s] Level 1:colcon.colcon_core.environment:checking '/home/kulka136/av/ros_ws/src/av_project_19/install/lane_assist_package/lib/python3.10/site-packages'
[1.564s] Level 1:colcon.colcon_core.shell:create_environment_hook('lane_assist_package', 'pythonpath')
[1.564s] INFO:colcon.colcon_core.shell:Creating environment hook '/home/kulka136/av/ros_ws/src/av_project_19/install/lane_assist_package/share/lane_assist_package/hook/pythonpath.ps1'
[1.567s] INFO:colcon.colcon_core.shell:Creating environment descriptor '/home/kulka136/av/ros_ws/src/av_project_19/install/lane_assist_package/share/lane_assist_package/hook/pythonpath.dsv'
[1.570s] INFO:colcon.colcon_core.shell:Creating environment hook '/home/kulka136/av/ros_ws/src/av_project_19/install/lane_assist_package/share/lane_assist_package/hook/pythonpath.sh'
[1.576s] Level 1:colcon.colcon_core.environment:checking '/home/kulka136/av/ros_ws/src/av_project_19/install/lane_assist_package/bin'
[1.576s] Level 1:colcon.colcon_core.environment:create_environment_scripts_only(lane_assist_package)
[1.576s] INFO:colcon.colcon_core.shell:Creating package script '/home/kulka136/av/ros_ws/src/av_project_19/install/lane_assist_package/share/lane_assist_package/package.ps1'
[1.579s] INFO:colcon.colcon_core.shell:Creating package descriptor '/home/kulka136/av/ros_ws/src/av_project_19/install/lane_assist_package/share/lane_assist_package/package.dsv'
[1.582s] INFO:colcon.colcon_core.shell:Creating package script '/home/kulka136/av/ros_ws/src/av_project_19/install/lane_assist_package/share/lane_assist_package/package.sh'
[1.587s] INFO:colcon.colcon_core.shell:Creating package script '/home/kulka136/av/ros_ws/src/av_project_19/install/lane_assist_package/share/lane_assist_package/package.bash'
[1.590s] INFO:colcon.colcon_core.shell:Creating package script '/home/kulka136/av/ros_ws/src/av_project_19/install/lane_assist_package/share/lane_assist_package/package.zsh'
[1.594s] Level 1:colcon.colcon_core.environment:create_file_with_runtime_dependencies(/home/kulka136/av/ros_ws/src/av_project_19/install/lane_assist_package/share/colcon-core/packages/lane_assist_package)
[1.595s] DEBUG:colcon.colcon_parallel_executor.executor.parallel:closing loop
[1.596s] DEBUG:colcon.colcon_parallel_executor.executor.parallel:loop closed
[1.596s] DEBUG:colcon.colcon_parallel_executor.executor.parallel:run_until_complete finished with '0'
[1.596s] DEBUG:colcon.colcon_core.event_reactor:joining thread
[1.604s] INFO:colcon.colcon_core.plugin_system:Skipping extension 'colcon_notification.desktop_notification.terminal_notifier': Not used on non-Darwin systems
[1.604s] INFO:colcon.colcon_core.plugin_system:Skipping extension 'colcon_notification.desktop_notification.win32': Not used on non-Windows systems
[1.604s] INFO:colcon.colcon_notification.desktop_notification:Sending desktop notification using 'notify2'
[1.609s] DEBUG:colcon.colcon_core.event_reactor:joined thread
[1.609s] INFO:colcon.colcon_core.shell:Creating prefix script '/home/kulka136/av/ros_ws/src/av_project_19/install/local_setup.ps1'
[1.616s] INFO:colcon.colcon_core.shell:Creating prefix util module '/home/kulka136/av/ros_ws/src/av_project_19/install/_local_setup_util_ps1.py'
[1.621s] INFO:colcon.colcon_core.shell:Creating prefix chain script '/home/kulka136/av/ros_ws/src/av_project_19/install/setup.ps1'
[1.626s] INFO:colcon.colcon_core.shell:Creating prefix script '/home/kulka136/av/ros_ws/src/av_project_19/install/local_setup.sh'
[1.631s] INFO:colcon.colcon_core.shell:Creating prefix util module '/home/kulka136/av/ros_ws/src/av_project_19/install/_local_setup_util_sh.py'
[1.637s] INFO:colcon.colcon_core.shell:Creating prefix chain script '/home/kulka136/av/ros_ws/src/av_project_19/install/setup.sh'
[1.641s] INFO:colcon.colcon_core.shell:Creating prefix script '/home/kulka136/av/ros_ws/src/av_project_19/install/local_setup.bash'
[1.645s] INFO:colcon.colcon_core.shell:Creating prefix chain script '/home/kulka136/av/ros_ws/src/av_project_19/install/setup.bash'
[1.648s] INFO:colcon.colcon_core.shell:Creating prefix script '/home/kulka136/av/ros_ws/src/av_project_19/install/local_setup.zsh'
[1.651s] INFO:colcon.colcon_core.shell:Creating prefix chain script '/home/kulka136/av/ros_ws/src/av_project_19/install/setup.zsh'
