[0.684s] Invoking command in '/home/kulka136/av/ros_ws/src/av_project_19/lane_assist_package': PYTHONPATH=/home/kulka136/av/ros_ws/src/av_project_19/build/lane_assist_package/prefix_override:/usr/lib/python3/dist-packages/colcon_core/task/python/colcon_distutils_commands:/home/kulka136/av/ros_ws/src/av_project_19/install/lane_assist_package/lib/python3.10/site-packages:${PYTHONPATH} /usr/bin/python3 -W ignore:setup.py install is deprecated setup.py egg_info --egg-base ../build/lane_assist_package build --build-base /home/kulka136/av/ros_ws/src/av_project_19/build/lane_assist_package/build install --record /home/kulka136/av/ros_ws/src/av_project_19/build/lane_assist_package/install.log --single-version-externally-managed install_data
[0.986s] running egg_info
[0.987s] writing ../build/lane_assist_package/lane_assist_package.egg-info/PKG-INFO
[0.989s] writing dependency_links to ../build/lane_assist_package/lane_assist_package.egg-info/dependency_links.txt
[0.992s] writing entry points to ../build/lane_assist_package/lane_assist_package.egg-info/entry_points.txt
[0.993s] writing requirements to ../build/lane_assist_package/lane_assist_package.egg-info/requires.txt
[0.995s] writing top-level names to ../build/lane_assist_package/lane_assist_package.egg-info/top_level.txt
[1.002s] reading manifest file '../build/lane_assist_package/lane_assist_package.egg-info/SOURCES.txt'
[1.004s] writing manifest file '../build/lane_assist_package/lane_assist_package.egg-info/SOURCES.txt'
[1.005s] running build
[1.006s] running build_py
[1.007s] copying lane_assist_package/lane_detection.py -> /home/kulka136/av/ros_ws/src/av_project_19/build/lane_assist_package/build/lib/lane_assist_package
[1.010s] copying lane_assist_package/lane_regression.py -> /home/kulka136/av/ros_ws/src/av_project_19/build/lane_assist_package/build/lib/lane_assist_package
[1.014s] running install
[1.015s] running install_lib
[1.017s] copying /home/kulka136/av/ros_ws/src/av_project_19/build/lane_assist_package/build/lib/lane_assist_package/lane_detection.py -> /home/kulka136/av/ros_ws/src/av_project_19/install/lane_assist_package/lib/python3.10/site-packages/lane_assist_package
[1.021s] copying /home/kulka136/av/ros_ws/src/av_project_19/build/lane_assist_package/build/lib/lane_assist_package/lane_regression.py -> /home/kulka136/av/ros_ws/src/av_project_19/install/lane_assist_package/lib/python3.10/site-packages/lane_assist_package
[1.026s] byte-compiling /home/kulka136/av/ros_ws/src/av_project_19/install/lane_assist_package/lib/python3.10/site-packages/lane_assist_package/lane_detection.py to lane_detection.cpython-310.pyc
[1.030s] byte-compiling /home/kulka136/av/ros_ws/src/av_project_19/install/lane_assist_package/lib/python3.10/site-packages/lane_assist_package/lane_regression.py to lane_regression.cpython-310.pyc
[1.038s] running install_data
[1.038s] running install_egg_info
[1.040s] removing '/home/kulka136/av/ros_ws/src/av_project_19/install/lane_assist_package/lib/python3.10/site-packages/lane_assist_package-0.0.0-py3.10.egg-info' (and everything under it)
[1.046s] Copying ../build/lane_assist_package/lane_assist_package.egg-info to /home/kulka136/av/ros_ws/src/av_project_19/install/lane_assist_package/lib/python3.10/site-packages/lane_assist_package-0.0.0-py3.10.egg-info
[1.067s] running install_scripts
[1.086s] Installing lane_assist script to /home/kulka136/av/ros_ws/src/av_project_19/install/lane_assist_package/lib/lane_assist_package
[1.089s] Installing lane_detection script to /home/kulka136/av/ros_ws/src/av_project_19/install/lane_assist_package/lib/lane_assist_package
[1.092s] Installing lane_regression script to /home/kulka136/av/ros_ws/src/av_project_19/install/lane_assist_package/lib/lane_assist_package
[1.095s] writing list of installed files to '/home/kulka136/av/ros_ws/src/av_project_19/build/lane_assist_package/install.log'
[1.121s] Invoked command in '/home/kulka136/av/ros_ws/src/av_project_19/lane_assist_package' returned '0': PYTHONPATH=/home/kulka136/av/ros_ws/src/av_project_19/build/lane_assist_package/prefix_override:/usr/lib/python3/dist-packages/colcon_core/task/python/colcon_distutils_commands:/home/kulka136/av/ros_ws/src/av_project_19/install/lane_assist_package/lib/python3.10/site-packages:${PYTHONPATH} /usr/bin/python3 -W ignore:setup.py install is deprecated setup.py egg_info --egg-base ../build/lane_assist_package build --build-base /home/kulka136/av/ros_ws/src/av_project_19/build/lane_assist_package/build install --record /home/kulka136/av/ros_ws/src/av_project_19/build/lane_assist_package/install.log --single-version-externally-managed install_data
