[0.676s] Invoking command in '/home/kulka136/av/ros_ws/src/av_project_19/lane_assist_package': PYTHONPATH=/home/kulka136/av/ros_ws/src/av_project_19/build/lane_assist_package/prefix_override:/usr/lib/python3/dist-packages/colcon_core/task/python/colcon_distutils_commands:/home/kulka136/av/ros_ws/src/av_project_19/install/lane_assist_package/lib/python3.10/site-packages:${PYTHONPATH} /usr/bin/python3 -W ignore:setup.py install is deprecated setup.py egg_info --egg-base ../build/lane_assist_package build --build-base /home/kulka136/av/ros_ws/src/av_project_19/build/lane_assist_package/build install --record /home/kulka136/av/ros_ws/src/av_project_19/build/lane_assist_package/install.log --single-version-externally-managed install_data
[0.928s] running egg_info
[0.929s] writing ../build/lane_assist_package/lane_assist_package.egg-info/PKG-INFO
[0.932s] writing dependency_links to ../build/lane_assist_package/lane_assist_package.egg-info/dependency_links.txt
[0.935s] writing entry points to ../build/lane_assist_package/lane_assist_package.egg-info/entry_points.txt
[0.939s] writing requirements to ../build/lane_assist_package/lane_assist_package.egg-info/requires.txt
[0.941s] writing top-level names to ../build/lane_assist_package/lane_assist_package.egg-info/top_level.txt
[0.949s] reading manifest file '../build/lane_assist_package/lane_assist_package.egg-info/SOURCES.txt'
[0.954s] writing manifest file '../build/lane_assist_package/lane_assist_package.egg-info/SOURCES.txt'
[0.959s] running build
[0.960s] running build_py
[0.963s] copying lane_assist_package/lane_regression.py -> /home/kulka136/av/ros_ws/src/av_project_19/build/lane_assist_package/build/lib/lane_assist_package
[0.969s] running install
[0.971s] running install_lib
[0.974s] copying /home/kulka136/av/ros_ws/src/av_project_19/build/lane_assist_package/build/lib/lane_assist_package/lane_regression.py -> /home/kulka136/av/ros_ws/src/av_project_19/install/lane_assist_package/lib/python3.10/site-packages/lane_assist_package
[0.984s] byte-compiling /home/kulka136/av/ros_ws/src/av_project_19/install/lane_assist_package/lib/python3.10/site-packages/lane_assist_package/lane_regression.py to lane_regression.cpython-310.pyc
[0.991s] running install_data
[0.993s] running install_egg_info
[0.994s] removing '/home/kulka136/av/ros_ws/src/av_project_19/install/lane_assist_package/lib/python3.10/site-packages/lane_assist_package-0.0.0-py3.10.egg-info' (and everything under it)
[1.002s] Copying ../build/lane_assist_package/lane_assist_package.egg-info to /home/kulka136/av/ros_ws/src/av_project_19/install/lane_assist_package/lib/python3.10/site-packages/lane_assist_package-0.0.0-py3.10.egg-info
[1.030s] running install_scripts
[1.050s] Installing lane_assist script to /home/kulka136/av/ros_ws/src/av_project_19/install/lane_assist_package/lib/lane_assist_package
[1.054s] Installing lane_detection script to /home/kulka136/av/ros_ws/src/av_project_19/install/lane_assist_package/lib/lane_assist_package
[1.057s] Installing lane_regression script to /home/kulka136/av/ros_ws/src/av_project_19/install/lane_assist_package/lib/lane_assist_package
[1.068s] writing list of installed files to '/home/kulka136/av/ros_ws/src/av_project_19/build/lane_assist_package/install.log'
[1.095s] Invoked command in '/home/kulka136/av/ros_ws/src/av_project_19/lane_assist_package' returned '0': PYTHONPATH=/home/kulka136/av/ros_ws/src/av_project_19/build/lane_assist_package/prefix_override:/usr/lib/python3/dist-packages/colcon_core/task/python/colcon_distutils_commands:/home/kulka136/av/ros_ws/src/av_project_19/install/lane_assist_package/lib/python3.10/site-packages:${PYTHONPATH} /usr/bin/python3 -W ignore:setup.py install is deprecated setup.py egg_info --egg-base ../build/lane_assist_package build --build-base /home/kulka136/av/ros_ws/src/av_project_19/build/lane_assist_package/build install --record /home/kulka136/av/ros_ws/src/av_project_19/build/lane_assist_package/install.log --single-version-externally-managed install_data
